[INFO] Scanning for projects...
[INFO] 
[INFO] ------------------------< com.edutech:backend >-------------------------
[INFO] Building backend 0.0.1-SNAPSHOT
[INFO]   from pom.xml
[INFO] --------------------------------[ jar ]---------------------------------
[INFO] 
[INFO] >>> spring-boot:3.2.3:run (default-cli) > test-compile @ backend >>>
[INFO] 
[INFO] --- resources:3.3.1:resources (default-resources) @ backend ---
[INFO] Copying 1 resource from src/main/resources to target/classes
[INFO] Copying 0 resource from src/main/resources to target/classes
[INFO] 
[INFO] --- compiler:3.11.0:compile (default-compile) @ backend ---
[INFO] Nothing to compile - all classes are up to date
[INFO] 
[INFO] --- resources:3.3.1:testResources (default-testResources) @ backend ---
[INFO] skip non existing resourceDirectory /home/gururaj/Videos/ada/backend/src/test/resources
[INFO] 
[INFO] --- compiler:3.11.0:testCompile (default-testCompile) @ backend ---
[INFO] No sources to compile
[INFO] 
[INFO] <<< spring-boot:3.2.3:run (default-cli) < test-compile @ backend <<<
[INFO] 
[INFO] 
[INFO] --- spring-boot:3.2.3:run (default-cli) @ backend ---
[INFO] Attaching agents: []

  .   ____          _            __ _ _
 /\\ / ___'_ __ _ _(_)_ __  __ _ \ \ \ \
( ( )\___ | '_ | '_| | '_ \/ _` | \ \ \ \
 \\/  ___)| |_)| | | | | || (_| |  ) ) ) )
  '  |____| .__|_| |_|_| |_\__, | / / / /
 =========|_|==============|___/=/_/_/_/
 :: Spring Boot ::                (v3.2.3)

2026-06-17T15:33:12.646+05:30  INFO 17868 --- [           main] com.edutech.EduTechApplication           : Starting EduTechApplication using Java 21.0.11 with PID 17868 (/home/gururaj/Videos/ada/backend/target/classes started by gururaj in /home/gururaj/Videos/ada/backend)
2026-06-17T15:33:12.648+05:30  INFO 17868 --- [           main] com.edutech.EduTechApplication           : The following 1 profile is active: "local"
2026-06-17T15:33:15.072+05:30  INFO 17868 --- [           main] .s.d.r.c.RepositoryConfigurationDelegate : Bootstrapping Spring Data JPA repositories in DEFAULT mode.
2026-06-17T15:33:15.272+05:30  INFO 17868 --- [           main] .s.d.r.c.RepositoryConfigurationDelegate : Finished Spring Data repository scanning in 166 ms. Found 12 JPA repository interfaces.
2026-06-17T15:33:16.903+05:30  INFO 17868 --- [           main] o.s.b.w.embedded.tomcat.TomcatWebServer  : Tomcat initialized with port 8080 (http)
2026-06-17T15:33:17.082+05:30  INFO 17868 --- [           main] o.apache.catalina.core.StandardService   : Starting service [Tomcat]
2026-06-17T15:33:17.083+05:30  INFO 17868 --- [           main] o.apache.catalina.core.StandardEngine    : Starting Servlet engine: [Apache Tomcat/10.1.19]
2026-06-17T15:33:17.370+05:30  INFO 17868 --- [           main] o.a.c.c.C.[Tomcat].[localhost].[/]       : Initializing Spring embedded WebApplicationContext
2026-06-17T15:33:17.372+05:30  INFO 17868 --- [           main] w.s.c.ServletWebServerApplicationContext : Root WebApplicationContext: initialization completed in 4638 ms
2026-06-17T15:33:17.475+05:30  INFO 17868 --- [           main] com.zaxxer.hikari.HikariDataSource       : HikariPool-1 - Starting...
2026-06-17T15:33:17.904+05:30  INFO 17868 --- [           main] com.zaxxer.hikari.pool.HikariPool        : HikariPool-1 - Added connection conn0: url=jdbc:h2:mem:edutechdb user=SA
2026-06-17T15:33:17.907+05:30  INFO 17868 --- [           main] com.zaxxer.hikari.HikariDataSource       : HikariPool-1 - Start completed.
2026-06-17T15:33:17.935+05:30  INFO 17868 --- [           main] o.s.b.a.h2.H2ConsoleAutoConfiguration    : H2 console available at '/h2-console'. Database available at 'jdbc:h2:mem:edutechdb'
2026-06-17T15:33:18.512+05:30  INFO 17868 --- [           main] o.hibernate.jpa.internal.util.LogHelper  : HHH000204: Processing PersistenceUnitInfo [name: default]
2026-06-17T15:33:18.681+05:30  INFO 17868 --- [           main] org.hibernate.Version                    : HHH000412: Hibernate ORM core version 6.4.4.Final
2026-06-17T15:33:18.751+05:30  INFO 17868 --- [           main] o.h.c.internal.RegionFactoryInitiator    : HHH000026: Second-level cache disabled
2026-06-17T15:33:19.378+05:30  INFO 17868 --- [           main] o.s.o.j.p.SpringPersistenceUnitInfo      : No LoadTimeWeaver setup: ignoring JPA class transformer
2026-06-17T15:33:19.519+05:30  WARN 17868 --- [           main] org.hibernate.orm.deprecation            : HHH90000025: H2Dialect does not need to be specified explicitly using 'hibernate.dialect' (remove the property setting and it will be selected by default)
2026-06-17T15:33:21.182+05:30  INFO 17868 --- [           main] o.h.e.t.j.p.i.JtaPlatformInitiator       : HHH000489: No JTA platform available (set 'hibernate.transaction.jta.platform' to enable JTA platform integration)
2026-06-17T15:33:21.310+05:30  INFO 17868 --- [           main] j.LocalContainerEntityManagerFactoryBean : Initialized JPA EntityManagerFactory for persistence unit 'default'
2026-06-17T15:33:23.143+05:30  INFO 17868 --- [           main] o.s.d.j.r.query.QueryEnhancerFactory     : Hibernate is in classpath; If applicable, HQL parser will be used.
2026-06-17T15:33:25.309+05:30  WARN 17868 --- [           main] JpaBaseConfiguration$JpaWebConfiguration : spring.jpa.open-in-view is enabled by default. Therefore, database queries may be performed during view rendering. Explicitly configure spring.jpa.open-in-view to disable this warning
2026-06-17T15:33:25.364+05:30  WARN 17868 --- [           main] .s.s.UserDetailsServiceAutoConfiguration : 

Using generated security password: 06977efb-08b0-441f-92e0-7e781490d2c9

This generated password is for development use only. Your security configuration must be updated before running your application in production.

2026-06-17T15:33:27.516+05:30  INFO 17868 --- [           main] o.s.s.web.DefaultSecurityFilterChain     : Will secure any request with [org.springframework.security.web.session.DisableEncodeUrlFilter@7c0b0090, org.springframework.security.web.context.request.async.WebAsyncManagerIntegrationFilter@223c1a82, org.springframework.security.web.context.SecurityContextHolderFilter@40503088, org.springframework.security.web.header.HeaderWriterFilter@58435220, org.springframework.web.filter.CorsFilter@144d064a, org.springframework.security.web.authentication.logout.LogoutFilter@63fa0b9, com.edutech.config.JwtAuthenticationFilter@3b97907c, org.springframework.security.web.savedrequest.RequestCacheAwareFilter@787239f5, org.springframework.security.web.servletapi.SecurityContextHolderAwareRequestFilter@6e4e7a62, org.springframework.security.web.authentication.AnonymousAuthenticationFilter@282919de, org.springframework.security.web.session.SessionManagementFilter@509cf73a, org.springframework.security.web.access.ExceptionTranslationFilter@3052ce36, org.springframework.security.web.access.intercept.AuthorizationFilter@2ace94ff]
2026-06-17T15:33:28.014+05:30  INFO 17868 --- [           main] o.s.b.w.embedded.tomcat.TomcatWebServer  : Tomcat started on port 8080 (http) with context path ''
2026-06-17T15:33:28.023+05:30  INFO 17868 --- [           main] com.edutech.EduTechApplication           : Started EduTechApplication in 16.395 seconds (process running for 17.486)
Seeded default student: student@edutech.ai / password123
Seeded default admin: admin@edutech.ai / password123
Seeded default teacher: teacher@edutech.ai / password123
2026-06-17T15:37:47.423+05:30  INFO 17868 --- [omcat-handler-0] o.a.c.c.C.[Tomcat].[localhost].[/]       : Initializing Spring DispatcherServlet 'dispatcherServlet'
2026-06-17T15:37:47.424+05:30  INFO 17868 --- [omcat-handler-0] o.s.web.servlet.DispatcherServlet        : Initializing Servlet 'dispatcherServlet'
2026-06-17T15:37:47.434+05:30  INFO 17868 --- [omcat-handler-0] o.s.web.servlet.DispatcherServlet        : Completed initialization in 9 ms
